# JRE version: Java(TM) SE Runtime Environment (8.0_121-b13) (build 1.8.0_121-b13)
# Java VM: Java HotSpot(TM) 64-Bit Server VM (25.121-b13 mixed mode windows-amd64 compressed oops)
Heap:
 PSYoungGen      total 158720K, used 110290K [0x00000000d5580000, 0x00000000e0d80000, 0x0000000100000000)
  eden space 148480K, 70% used [0x00000000d5580000,0x00000000dbb481d8,0x00000000de680000)
  from space 10240K, 59% used [0x00000000e0380000,0x00000000e096c808,0x00000000e0d80000)
  to   space 15872K, 0% used [0x00000000dee80000,0x00000000dee80000,0x00000000dfe00000)
 ParOldGen       total 53248K, used 35897K [0x0000000080000000, 0x0000000083400000, 0x00000000d5580000)
  object space 53248K, 67% used [0x0000000080000000,0x000000008230e4c0,0x0000000083400000)
 Metaspace       used 49619K, capacity 52686K, committed 52824K, reserved 1097728K
  class space    used 7016K, capacity 7539K, committed 7552K, reserved 1048576K
GC Heap History (10 events):
Event: 7.052 GC heap before
{Heap before GC invocations=10 (full 2):
 PSYoungGen      total 123392K, used 13807K [0x00000000d5580000, 0x00000000e2080000, 0x0000000100000000)
  eden space 109568K, 0% used [0x00000000d5580000,0x00000000d5580000,0x00000000dc080000)
  from space 13824K, 99% used [0x00000000e1300000,0x00000000e207bf88,0x00000000e2080000)
  to   space 10240K, 0% used [0x00000000dc080000,0x00000000dc080000,0x00000000dca80000)
 ParOldGen       total 53248K, used 17909K [0x0000000080000000, 0x0000000083400000, 0x00000000d5580000)
  object space 53248K, 33% used [0x0000000080000000,0x000000008117d4b8,0x0000000083400000)
 Metaspace       used 33791K, capacity 35372K, committed 35416K, reserved 1079296K
  class space    used 4642K, capacity 4967K, committed 4992K, reserved 1048576K
Event: 7.147 GC heap after
Heap after GC invocations=10 (full 2):
 PSYoungGen      total 123392K, used 0K [0x00000000d5580000, 0x00000000e2080000, 0x0000000100000000)
  eden space 109568K, 0% used [0x00000000d5580000,0x00000000d5580000,0x00000000dc080000)
  from space 13824K, 0% used [0x00000000e1300000,0x00000000e1300000,0x00000000e2080000)
  to   space 10240K, 0% used [0x00000000dc080000,0x00000000dc080000,0x00000000dca80000)
 ParOldGen       total 53248K, used 21898K [0x0000000080000000, 0x0000000083400000, 0x00000000d5580000)
  object space 53248K, 41% used [0x0000000080000000,0x0000000081562b28,0x0000000083400000)
 Metaspace       used 33791K, capacity 35372K, committed 35416K, reserved 1079296K
  class space    used 4642K, capacity 4967K, committed 4992K, reserved 1048576K
}
Event: 8.714 GC heap before
{Heap before GC invocations=11 (full 2):
 PSYoungGen      total 123392K, used 109568K [0x00000000d5580000, 0x00000000e2080000, 0x0000000100000000)
  eden space 109568K, 100% used [0x00000000d5580000,0x00000000dc080000,0x00000000dc080000)
  from space 13824K, 0% used [0x00000000e1300000,0x00000000e1300000,0x00000000e2080000)
  to   space 10240K, 0% used [0x00000000dc080000,0x00000000dc080000,0x00000000dca80000)
 ParOldGen       total 53248K, used 21898K [0x0000000080000000, 0x0000000083400000, 0x00000000d5580000)
  object space 53248K, 41% used [0x0000000080000000,0x0000000081562b28,0x0000000083400000)
 Metaspace       used 38955K, capacity 40754K, committed 41048K, reserved 1085440K
  class space    used 5351K, capacity 5712K, committed 5760K, reserved 1048576K
Event: 8.729 GC heap after
Heap after GC invocations=11 (full 2):
 PSYoungGen      total 119808K, used 7342K [0x00000000d5580000, 0x00000000e1380000, 0x0000000100000000)
  eden space 109568K, 0% used [0x00000000d5580000,0x00000000d5580000,0x00000000dc080000)
  from space 10240K, 71% used [0x00000000dc080000,0x00000000dc7ab838,0x00000000dca80000)
  to   space 16384K, 0% used [0x00000000e0380000,0x00000000e0380000,0x00000000e1380000)
 ParOldGen       total 53248K, used 21906K [0x0000000080000000, 0x0000000083400000, 0x00000000d5580000)
  object space 53248K, 41% used [0x0000000080000000,0x0000000081564b28,0x0000000083400000)
 Metaspace       used 38955K, capacity 40754K, committed 41048K, reserved 1085440K
  class space    used 5351K, capacity 5712K, committed 5760K, reserved 1048576K
}
Event: 10.043 GC heap before
{Heap before GC invocations=12 (full 2):
 PSYoungGen      total 119808K, used 116910K [0x00000000d5580000, 0x00000000e1380000, 0x0000000100000000)
  eden space 109568K, 100% used [0x00000000d5580000,0x00000000dc080000,0x00000000dc080000)
  from space 10240K, 71% used [0x00000000dc080000,0x00000000dc7ab838,0x00000000dca80000)
  to   space 16384K, 0% used [0x00000000e0380000,0x00000000e0380000,0x00000000e1380000)
 ParOldGen       total 53248K, used 21906K [0x0000000080000000, 0x0000000083400000, 0x00000000d5580000)
  object space 53248K, 41% used [0x0000000080000000,0x0000000081564b28,0x0000000083400000)
 Metaspace       used 41485K, capacity 43646K, committed 43864K, reserved 1087488K
  class space    used 5770K, capacity 6192K, committed 6272K, reserved 1048576K
Event: 10.061 GC heap after
Heap after GC invocations=12 (full 2):
 PSYoungGen      total 158720K, used 10019K [0x00000000d5580000, 0x00000000e0d80000, 0x0000000100000000)
  eden space 148480K, 0% used [0x00000000d5580000,0x00000000d5580000,0x00000000de680000)
  from space 10240K, 97% used [0x00000000e0380000,0x00000000e0d48cf8,0x00000000e0d80000)
  to   space 15872K, 0% used [0x00000000dee80000,0x00000000dee80000,0x00000000dfe00000)
 ParOldGen       total 53248K, used 21914K [0x0000000080000000, 0x0000000083400000, 0x00000000d5580000)
  object space 53248K, 41% used [0x0000000080000000,0x0000000081566b28,0x0000000083400000)
 Metaspace       used 41485K, capacity 43646K, committed 43864K, reserved 1087488K
  class space    used 5770K, capacity 6192K, committed 6272K, reserved 1048576K
}
Event: 11.324 GC heap before
{Heap before GC invocations=13 (full 2):
 PSYoungGen      total 158720K, used 158499K [0x00000000d5580000, 0x00000000e0d80000, 0x0000000100000000)
  eden space 148480K, 100% used [0x00000000d5580000,0x00000000de680000,0x00000000de680000)
  from space 10240K, 97% used [0x00000000e0380000,0x00000000e0d48cf8,0x00000000e0d80000)
  to   space 15872K, 0% used [0x00000000dee80000,0x00000000dee80000,0x00000000dfe00000)
 ParOldGen       total 53248K, used 21914K [0x0000000080000000, 0x0000000083400000, 0x00000000d5580000)
  object space 53248K, 41% used [0x0000000080000000,0x0000000081566b28,0x0000000083400000)
 Metaspace       used 43951K, capacity 46524K, committed 46552K, reserved 1089536K
  class space    used 6156K, capacity 6646K, committed 6656K, reserved 1048576K
Event: 11.348 GC heap after
Heap after GC invocations=13 (full 2):
 PSYoungGen      total 164352K, used 7971K [0x00000000d5580000, 0x00000000e0d80000, 0x0000000100000000)
  eden space 148480K, 0% used [0x00000000d5580000,0x00000000d5580000,0x00000000de680000)
  from space 15872K, 50% used [0x00000000dee80000,0x00000000df648fe0,0x00000000dfe00000)
  to   space 10240K, 0% used [0x00000000e0380000,0x00000000e0380000,0x00000000e0d80000)
 ParOldGen       total 53248K, used 29977K [0x0000000080000000, 0x0000000083400000, 0x00000000d5580000)
  object space 53248K, 56% used [0x0000000080000000,0x0000000081d464a0,0x0000000083400000)
 Metaspace       used 43951K, capacity 46524K, committed 46552K, reserved 1089536K
  class space    used 6156K, capacity 6646K, committed 6656K, reserved 1048576K
}
Event: 12.410 GC heap before
{Heap before GC invocations=14 (full 2):
 PSYoungGen      total 164352K, used 156451K [0x00000000d5580000, 0x00000000e0d80000, 0x0000000100000000)
  eden space 148480K, 100% used [0x00000000d5580000,0x00000000de680000,0x00000000de680000)
  from space 15872K, 50% used [0x00000000dee80000,0x00000000df648fe0,0x00000000dfe00000)
  to   space 10240K, 0% used [0x00000000e0380000,0x00000000e0380000,0x00000000e0d80000)
 ParOldGen       total 53248K, used 29977K [0x0000000080000000, 0x0000000083400000, 0x00000000d5580000)
  object space 53248K, 56% used [0x0000000080000000,0x0000000081d464a0,0x0000000083400000)
 Metaspace       used 45980K, capacity 48940K, committed 48984K, reserved 1091584K
  class space    used 6469K, capacity 6996K, committed 7040K, reserved 1048576K
Event: 12.426 GC heap after
Heap after GC invocations=14 (full 2):
 PSYoungGen      total 158720K, used 6066K [0x00000000d5580000, 0x00000000e0d80000, 0x0000000100000000)
  eden space 148480K, 0% used [0x00000000d5580000,0x00000000d5580000,0x00000000de680000)
  from space 10240K, 59% used [0x00000000e0380000,0x00000000e096c808,0x00000000e0d80000)
  to   space 15872K, 0% used [0x00000000dee80000,0x00000000dee80000,0x00000000dfe00000)
 ParOldGen       total 53248K, used 35897K [0x0000000080000000, 0x0000000083400000, 0x00000000d5580000)
  object space 53248K, 67% used [0x0000000080000000,0x000000008230e4c0,0x0000000083400000)
 Metaspace       used 45980K, capacity 48940K, committed 48984K, reserved 1091584K
  class space    used 6469K, capacity 6996K, committed 7040K, reserved 1048576K
}

