# JRE version: Java(TM) SE Runtime Environment (8.0_121-b13) (build 1.8.0_121-b13)
# Java VM: Java HotSpot(TM) 64-Bit Server VM (25.121-b13 mixed mode windows-amd64 compressed oops)
Heap:
 PSYoungGen      total 121344K, used 93042K [0x00000000d5580000, 0x00000000dd400000, 0x0000000100000000)
  eden space 113152K, 74% used [0x00000000d5580000,0x00000000da85f610,0x00000000dc400000)
  from space 8192K, 99% used [0x00000000dc400000,0x00000000dcbfd368,0x00000000dcc00000)
  to   space 8192K, 0% used [0x00000000dcc00000,0x00000000dcc00000,0x00000000dd400000)
 ParOldGen       total 52736K, used 16719K [0x0000000080000000, 0x0000000083380000, 0x00000000d5580000)
  object space 52736K, 31% used [0x0000000080000000,0x0000000081053c30,0x0000000083380000)
 Metaspace       used 33673K, capacity 35306K, committed 35416K, reserved 1079296K
  class space    used 4656K, capacity 4972K, committed 4992K, reserved 1048576K
GC Heap History (10 events):
Event: 2.462 GC heap before
{Heap before GC invocations=4 (full 0):
 PSYoungGen      total 38400K, used 31464K [0x00000000d5580000, 0x00000000da080000, 0x0000000100000000)
  eden space 33280K, 79% used [0x00000000d5580000,0x00000000d6f420c8,0x00000000d7600000)
  from space 5120K, 99% used [0x00000000d7600000,0x00000000d7af8048,0x00000000d7b00000)
  to   space 5120K, 0% used [0x00000000d9b80000,0x00000000d9b80000,0x00000000da080000)
 ParOldGen       total 87552K, used 3430K [0x0000000080000000, 0x0000000085580000, 0x00000000d5580000)
  object space 87552K, 3% used [0x0000000080000000,0x0000000080359a30,0x0000000085580000)
 Metaspace       used 20527K, capacity 21082K, committed 21248K, reserved 1067008K
  class space    used 2773K, capacity 2954K, committed 3072K, reserved 1048576K
Event: 2.477 GC heap after
Heap after GC invocations=4 (full 0):
 PSYoungGen      total 71680K, used 5117K [0x00000000d5580000, 0x00000000da080000, 0x0000000100000000)
  eden space 66560K, 0% used [0x00000000d5580000,0x00000000d5580000,0x00000000d9680000)
  from space 5120K, 99% used [0x00000000d9b80000,0x00000000da07f430,0x00000000da080000)
  to   space 5120K, 0% used [0x00000000d9680000,0x00000000d9680000,0x00000000d9b80000)
 ParOldGen       total 87552K, used 5816K [0x0000000080000000, 0x0000000085580000, 0x00000000d5580000)
  object space 87552K, 6% used [0x0000000080000000,0x00000000805ae260,0x0000000085580000)
 Metaspace       used 20527K, capacity 21082K, committed 21248K, reserved 1067008K
  class space    used 2773K, capacity 2954K, committed 3072K, reserved 1048576K
}
Event: 2.477 GC heap before
{Heap before GC invocations=5 (full 1):
 PSYoungGen      total 71680K, used 5117K [0x00000000d5580000, 0x00000000da080000, 0x0000000100000000)
  eden space 66560K, 0% used [0x00000000d5580000,0x00000000d5580000,0x00000000d9680000)
  from space 5120K, 99% used [0x00000000d9b80000,0x00000000da07f430,0x00000000da080000)
  to   space 5120K, 0% used [0x00000000d9680000,0x00000000d9680000,0x00000000d9b80000)
 ParOldGen       total 87552K, used 5816K [0x0000000080000000, 0x0000000085580000, 0x00000000d5580000)
  object space 87552K, 6% used [0x0000000080000000,0x00000000805ae260,0x0000000085580000)
 Metaspace       used 20527K, capacity 21082K, committed 21248K, reserved 1067008K
  class space    used 2773K, capacity 2954K, committed 3072K, reserved 1048576K
Event: 2.517 GC heap after
Heap after GC invocations=5 (full 1):
 PSYoungGen      total 71680K, used 0K [0x00000000d5580000, 0x00000000da080000, 0x0000000100000000)
  eden space 66560K, 0% used [0x00000000d5580000,0x00000000d5580000,0x00000000d9680000)
  from space 5120K, 0% used [0x00000000d9b80000,0x00000000d9b80000,0x00000000da080000)
  to   space 5120K, 0% used [0x00000000d9680000,0x00000000d9680000,0x00000000d9b80000)
 ParOldGen       total 52736K, used 7357K [0x0000000080000000, 0x0000000083380000, 0x00000000d5580000)
  object space 52736K, 13% used [0x0000000080000000,0x000000008072f718,0x0000000083380000)
 Metaspace       used 20525K, capacity 21076K, committed 21248K, reserved 1067008K
  class space    used 2772K, capacity 2953K, committed 3072K, reserved 1048576K
}
Event: 4.473 GC heap before
{Heap before GC invocations=6 (full 1):
 PSYoungGen      total 71680K, used 66560K [0x00000000d5580000, 0x00000000da080000, 0x0000000100000000)
  eden space 66560K, 100% used [0x00000000d5580000,0x00000000d9680000,0x00000000d9680000)
  from space 5120K, 0% used [0x00000000d9b80000,0x00000000d9b80000,0x00000000da080000)
  to   space 5120K, 0% used [0x00000000d9680000,0x00000000d9680000,0x00000000d9b80000)
 ParOldGen       total 52736K, used 7357K [0x0000000080000000, 0x0000000083380000, 0x00000000d5580000)
  object space 52736K, 13% used [0x0000000080000000,0x000000008072f718,0x0000000083380000)
 Metaspace       used 25280K, capacity 26234K, committed 26496K, reserved 1073152K
  class space    used 3442K, capacity 3684K, committed 3712K, reserved 1048576K
Event: 4.485 GC heap after
Heap after GC invocations=6 (full 1):
 PSYoungGen      total 71680K, used 5091K [0x00000000d5580000, 0x00000000dd480000, 0x0000000100000000)
  eden space 66560K, 0% used [0x00000000d5580000,0x00000000d5580000,0x00000000d9680000)
  from space 5120K, 99% used [0x00000000d9680000,0x00000000d9b78dd0,0x00000000d9b80000)
  to   space 8704K, 0% used [0x00000000dcc00000,0x00000000dcc00000,0x00000000dd480000)
 ParOldGen       total 52736K, used 9022K [0x0000000080000000, 0x0000000083380000, 0x00000000d5580000)
  object space 52736K, 17% used [0x0000000080000000,0x00000000808cf908,0x0000000083380000)
 Metaspace       used 25280K, capacity 26234K, committed 26496K, reserved 1073152K
  class space    used 3442K, capacity 3684K, committed 3712K, reserved 1048576K
}
Event: 4.790 GC heap before
{Heap before GC invocations=7 (full 1):
 PSYoungGen      total 71680K, used 71651K [0x00000000d5580000, 0x00000000dd480000, 0x0000000100000000)
  eden space 66560K, 100% used [0x00000000d5580000,0x00000000d9680000,0x00000000d9680000)
  from space 5120K, 99% used [0x00000000d9680000,0x00000000d9b78dd0,0x00000000d9b80000)
  to   space 8704K, 0% used [0x00000000dcc00000,0x00000000dcc00000,0x00000000dd480000)
 ParOldGen       total 52736K, used 9022K [0x0000000080000000, 0x0000000083380000, 0x00000000d5580000)
  object space 52736K, 17% used [0x0000000080000000,0x00000000808cf908,0x0000000083380000)
 Metaspace       used 26111K, capacity 27076K, committed 27136K, reserved 1073152K
  class space    used 3563K, capacity 3801K, committed 3840K, reserved 1048576K
Event: 4.803 GC heap after
Heap after GC invocations=7 (full 1):
 PSYoungGen      total 121344K, used 6732K [0x00000000d5580000, 0x00000000dd400000, 0x0000000100000000)
  eden space 113152K, 0% used [0x00000000d5580000,0x00000000d5580000,0x00000000dc400000)
  from space 8192K, 82% used [0x00000000dcc00000,0x00000000dd293198,0x00000000dd400000)
  to   space 8192K, 0% used [0x00000000dc400000,0x00000000dc400000,0x00000000dcc00000)
 ParOldGen       total 52736K, used 9030K [0x0000000080000000, 0x0000000083380000, 0x00000000d5580000)
  object space 52736K, 17% used [0x0000000080000000,0x00000000808d1908,0x0000000083380000)
 Metaspace       used 26111K, capacity 27076K, committed 27136K, reserved 1073152K
  class space    used 3563K, capacity 3801K, committed 3840K, reserved 1048576K
}
Event: 6.136 GC heap before
{Heap before GC invocations=8 (full 1):
 PSYoungGen      total 121344K, used 119884K [0x00000000d5580000, 0x00000000dd400000, 0x0000000100000000)
  eden space 113152K, 100% used [0x00000000d5580000,0x00000000dc400000,0x00000000dc400000)
  from space 8192K, 82% used [0x00000000dcc00000,0x00000000dd293198,0x00000000dd400000)
  to   space 8192K, 0% used [0x00000000dc400000,0x00000000dc400000,0x00000000dcc00000)
 ParOldGen       total 52736K, used 9030K [0x0000000080000000, 0x0000000083380000, 0x00000000d5580000)
  object space 52736K, 17% used [0x0000000080000000,0x00000000808d1908,0x0000000083380000)
 Metaspace       used 30108K, capacity 31378K, committed 31616K, reserved 1077248K
  class space    used 4188K, capacity 4474K, committed 4480K, reserved 1048576K
Event: 6.162 GC heap after
Heap after GC invocations=8 (full 1):
 PSYoungGen      total 121344K, used 8180K [0x00000000d5580000, 0x00000000dd400000, 0x0000000100000000)
  eden space 113152K, 0% used [0x00000000d5580000,0x00000000d5580000,0x00000000dc400000)
  from space 8192K, 99% used [0x00000000dc400000,0x00000000dcbfd368,0x00000000dcc00000)
  to   space 8192K, 0% used [0x00000000dcc00000,0x00000000dcc00000,0x00000000dd400000)
 ParOldGen       total 52736K, used 16719K [0x0000000080000000, 0x0000000083380000, 0x00000000d5580000)
  object space 52736K, 31% used [0x0000000080000000,0x0000000081053c30,0x0000000083380000)
 Metaspace       used 30108K, capacity 31378K, committed 31616K, reserved 1077248K
  class space    used 4188K, capacity 4474K, committed 4480K, reserved 1048576K
}

